[2020-06-04 10:59:50,925 ][DEBUG   ][Starting ElasticSearch client ]
[2020-06-04 10:59:51,171 ][DEBUG   ][Elasticsearch connected ]
[2020-06-04 10:59:51,175 ][INFO    ][Builing index of 10375 vclaims with fieldnames: ['vclaim', 'title'] ]
[2020-06-04 11:27:47,277 ][INFO    ][Geting RM5 scores for 197 tweets and 10375 vclaims ]
[2020-06-04 11:28:53,459 ][INFO    ][Saved scores from the model in file: example-submission-scores.tsv ]
[2020-06-04 14:54:30,901 ][DEBUG   ][Starting ElasticSearch client ]
[2020-06-04 14:54:31,298 ][DEBUG   ][Elasticsearch connected ]
[2020-06-04 14:54:31,334 ][INFO    ][Builing index of 10375 vclaims with fieldnames: ['vclaim', 'title'] ]
[2020-06-04 14:55:08,318 ][DEBUG   ][Starting ElasticSearch client ]
[2020-06-04 14:55:08,589 ][DEBUG   ][Elasticsearch connected ]
[2020-06-04 14:55:08,589 ][INFO    ][Geting RM5 scores for 197 tweets and 10375 vclaims ]
[2020-06-04 14:55:10,564 ][INFO    ][Saved scores from the model in file: example-submission-scores.tsv ]
[2020-06-04 15:11:29,758 ][DEBUG   ][Starting ElasticSearch client ]
[2020-06-04 15:11:29,801 ][DEBUG   ][Elasticsearch connected ]
[2020-06-04 15:11:29,801 ][INFO    ][Geting RM5 scores for 197 tweets and 10375 vclaims ]
[2020-06-04 15:11:29,826 ][ERROR   ][No elasticsearch results for How are butterflies surviving the #AustralianFires? Julie Favell was putting out water for wildlife that survived the fires when she witnessed common brown butterflies (Heteronympha merope) fluttering in a moist wombat hole. Footage by Julie Favell pic.twitter.com/0eJtwJyS1J — Center for Bio Div (@CenterForBioDiv) January 14, 2020 ]
[2020-06-04 15:17:00,562 ][DEBUG   ][Starting ElasticSearch client ]
[2020-06-04 15:17:00,588 ][DEBUG   ][Elasticsearch connected ]
[2020-06-04 15:17:00,589 ][INFO    ][Builing index of 10375 vclaims with fieldnames: ['vclaim', 'title'] ]
[2020-06-04 15:40:13,339 ][INFO    ][Geting RM5 scores for 197 tweets and 10375 vclaims ]
[2020-06-04 15:42:17,210 ][INFO    ][Saved scores from the model in file: example-submission-scores.tsv ]
[2020-06-04 15:48:04,362 ][DEBUG   ][Starting ElasticSearch client ]
[2020-06-04 15:48:04,437 ][DEBUG   ][Elasticsearch connected ]
[2020-06-04 15:48:04,437 ][INFO    ][Geting RM5 scores for 197 tweets and 10375 vclaims ]
[2020-06-04 15:48:18,684 ][ERROR   ][No elasticsearch results for #Omg. #Obama just endorsed @ACampaNajjar, who is running for Congress in #California. He is the grandson of a Palestinian #terrorist who organized the #killing of 12 Jews during the #Munich#Olympics. @DeplorableKel2https://t.co/azGfDL3au6#Q#QAnon#QAnon2018@Olympicspic.twitter.com/0LEUu4vk3f — Zeus ⭐⭐⭐ No Collusion, No Obstruction! (@zeusFanHouse) October 20, 2018 ]
[2020-06-04 15:49:06,647 ][DEBUG   ][Starting ElasticSearch client ]
[2020-06-04 15:49:06,651 ][DEBUG   ][Elasticsearch connected ]
[2020-06-04 15:49:06,651 ][INFO    ][Geting RM5 scores for 197 tweets and 10375 vclaims ]
[2020-06-04 15:49:12,068 ][ERROR   ][No elasticsearch results for My uncle has been in a coma for the past two days after realizing the house he had been paying rent for the past 10 years was owned by his wife — *Pablo Martini* (@PabloHoggs) December 29, 2017 ]
[2020-06-06 10:34:42,496 ][DEBUG   ][Starting ElasticSearch client ]
[2020-06-06 10:34:42,639 ][DEBUG   ][Elasticsearch connected ]
[2020-06-06 10:34:42,639 ][INFO    ][Geting RM5 scores for 197 tweets and 10375 vclaims ]
[2020-06-06 10:35:38,153 ][INFO    ][Saved scores from the model in file: nnnn.tsv ]
[2020-06-06 11:06:41,776 ][DEBUG   ][Starting ElasticSearch client ]
[2020-06-06 11:06:41,780 ][DEBUG   ][Elasticsearch connected ]
[2020-06-06 11:06:41,780 ][INFO    ][Geting RM5 scores for 197 tweets and 10375 vclaims ]
[2020-06-06 11:07:14,997 ][DEBUG   ][Starting ElasticSearch client ]
[2020-06-06 11:07:15,001 ][DEBUG   ][Elasticsearch connected ]
[2020-06-06 11:07:15,002 ][INFO    ][Geting RM5 scores for 197 tweets and 10375 vclaims ]
[2020-06-06 11:08:08,247 ][INFO    ][Saved scores from the model in file: nnnnn.tsv ]
[2020-06-06 11:14:32,263 ][DEBUG   ][Starting ElasticSearch client ]
[2020-06-06 11:14:32,267 ][DEBUG   ][Elasticsearch connected ]
[2020-06-06 11:14:48,071 ][DEBUG   ][Starting ElasticSearch client ]
[2020-06-06 11:14:48,074 ][DEBUG   ][Elasticsearch connected ]
[2020-06-06 11:14:48,077 ][INFO    ][Saved scores from the model in file: nnnnn.tsv ]
[2020-06-06 11:15:07,468 ][DEBUG   ][Starting ElasticSearch client ]
[2020-06-06 11:15:07,472 ][DEBUG   ][Elasticsearch connected ]
[2020-06-06 11:15:07,473 ][INFO    ][Geting RM5 scores for 197 tweets and 10375 vclaims ]
[2020-06-06 11:15:07,479 ][ERROR   ][No elasticsearch results for How are butterflies surviving the AustralianFires Julie Favell was putting out water for wildlife that survived the fires when she witnessed common brown butterflies Heteronympha merope fluttering in a moist wombat hole Footage by Julie Favell pictwittercom0eJtwJyS1J — Center for Bio Div CenterForBioDiv January 14 2020 ]
[2020-06-06 11:15:27,666 ][DEBUG   ][Starting ElasticSearch client ]
[2020-06-06 11:15:27,670 ][DEBUG   ][Elasticsearch connected ]
[2020-06-06 11:15:27,671 ][INFO    ][Builing index of 10375 vclaims with fieldnames: ['vclaim', 'title'] ]
[2020-06-06 11:37:23,699 ][INFO    ][Geting RM5 scores for 197 tweets and 10375 vclaims ]
[2020-06-06 11:38:18,088 ][INFO    ][Saved scores from the model in file: nnnnn.tsv ]
[2020-06-06 11:42:12,152 ][DEBUG   ][Starting ElasticSearch client ]
[2020-06-06 11:42:12,156 ][DEBUG   ][Elasticsearch connected ]
[2020-06-06 11:42:12,157 ][INFO    ][Geting RM5 scores for 197 tweets and 10375 vclaims ]
[2020-06-06 11:43:06,701 ][INFO    ][Saved scores from the model in file: new.tsv ]
[2020-06-06 11:54:45,580 ][DEBUG   ][Starting ElasticSearch client ]
[2020-06-06 11:54:45,617 ][DEBUG   ][Elasticsearch connected ]
[2020-06-06 11:54:45,617 ][INFO    ][Geting RM5 scores for 197 tweets and 10375 vclaims ]
[2020-06-06 11:55:39,599 ][INFO    ][Saved scores from the model in file: new_cleaned.tsv ]
[2020-06-06 11:57:45,714 ][DEBUG   ][Starting ElasticSearch client ]
[2020-06-06 11:57:45,718 ][DEBUG   ][Elasticsearch connected ]
[2020-06-06 11:57:45,719 ][INFO    ][Geting RM5 scores for 197 tweets and 10375 vclaims ]
[2020-06-06 11:57:47,787 ][ERROR   ][No elasticsearch results for Today USCIS issued guidance that DHS “no longer considers children of U.S. government employees and U.S. armed forces members residing outside the United States as ‘residing in the United States’ for purposes of acquiring citizenship” — — Tal Kopan (@TalKopan) August 28, 2019 ]
[2020-06-06 11:57:57,934 ][DEBUG   ][Starting ElasticSearch client ]
[2020-06-06 11:57:57,938 ][DEBUG   ][Elasticsearch connected ]
[2020-06-06 11:58:09,255 ][DEBUG   ][Starting ElasticSearch client ]
[2020-06-06 11:58:09,259 ][DEBUG   ][Elasticsearch connected ]
[2020-06-06 11:58:24,457 ][DEBUG   ][Starting ElasticSearch client ]
[2020-06-06 11:58:24,461 ][DEBUG   ][Elasticsearch connected ]
[2020-06-06 11:58:24,462 ][INFO    ][Geting RM5 scores for 197 tweets and 10375 vclaims ]
[2020-06-06 11:58:24,466 ][ERROR   ][No elasticsearch results for How are butterflies surviving the #AustralianFires? Julie Favell was putting out water for wildlife that survived the fires when she witnessed common brown butterflies (Heteronympha merope) fluttering in a moist wombat hole. Footage by Julie Favell pic.twitter.com/0eJtwJyS1J — Center for Bio Div (@CenterForBioDiv) January 14, 2020 ]
[2020-06-06 11:59:46,525 ][DEBUG   ][Starting ElasticSearch client ]
[2020-06-06 11:59:46,529 ][DEBUG   ][Elasticsearch connected ]
[2020-06-06 11:59:46,529 ][INFO    ][Builing index of 10375 vclaims with fieldnames: ['vclaim', 'title'] ]
[2020-06-06 12:22:23,435 ][INFO    ][Geting RM5 scores for 197 tweets and 10375 vclaims ]
[2020-06-06 12:23:25,904 ][INFO    ][Saved scores from the model in file: new_cleaned_2parm.tsv ]
[2020-06-06 12:45:29,750 ][DEBUG   ][Starting ElasticSearch client ]
[2020-06-06 12:45:29,956 ][DEBUG   ][Elasticsearch connected ]
[2020-06-06 12:45:31,020 ][INFO    ][Builing index of 10375 vclaims with fieldnames: ['vclaim', 'title'] ]
[2020-06-06 12:46:01,139 ][DEBUG   ][Starting ElasticSearch client ]
[2020-06-06 12:46:01,144 ][DEBUG   ][Elasticsearch connected ]
[2020-06-06 12:46:01,144 ][INFO    ][Geting RM5 scores for 197 tweets and 10375 vclaims ]
[2020-06-06 12:47:00,180 ][DEBUG   ][Starting ElasticSearch client ]
[2020-06-06 12:47:00,206 ][DEBUG   ][Elasticsearch connected ]
[2020-06-06 12:47:00,207 ][INFO    ][Geting RM5 scores for 197 tweets and 10375 vclaims ]
[2020-06-06 12:47:38,510 ][DEBUG   ][Starting ElasticSearch client ]
[2020-06-06 12:47:38,513 ][DEBUG   ][Elasticsearch connected ]
[2020-06-06 12:47:39,959 ][INFO    ][Builing index of 10375 vclaims with fieldnames: ['vclaim', 'title'] ]
[2020-06-06 13:28:47,904 ][DEBUG   ][Starting ElasticSearch client ]
[2020-06-06 13:28:48,246 ][DEBUG   ][Elasticsearch connected ]
[2020-06-06 13:28:48,246 ][INFO    ][Geting RM5 scores for 197 tweets and 10375 vclaims ]
[2020-06-06 13:29:44,341 ][DEBUG   ][Starting ElasticSearch client ]
[2020-06-06 13:29:44,347 ][DEBUG   ][Elasticsearch connected ]
[2020-06-06 13:29:44,347 ][INFO    ][Geting RM5 scores for 197 tweets and 10375 vclaims ]
[2020-06-06 13:30:38,123 ][DEBUG   ][Starting ElasticSearch client ]
[2020-06-06 13:30:38,129 ][DEBUG   ][Elasticsearch connected ]
[2020-06-06 13:30:38,129 ][INFO    ][Geting RM5 scores for 197 tweets and 10375 vclaims ]
[2020-06-06 13:31:41,374 ][DEBUG   ][Starting ElasticSearch client ]
[2020-06-06 13:31:41,380 ][DEBUG   ][Elasticsearch connected ]
[2020-06-06 13:31:41,380 ][INFO    ][Geting RM5 scores for 197 tweets and 10375 vclaims ]
[2020-06-06 13:31:57,352 ][DEBUG   ][Starting ElasticSearch client ]
[2020-06-06 13:31:57,358 ][DEBUG   ][Elasticsearch connected ]
[2020-06-06 13:31:57,358 ][INFO    ][Geting RM5 scores for 197 tweets and 10375 vclaims ]
[2020-06-06 13:34:41,924 ][DEBUG   ][Starting ElasticSearch client ]
[2020-06-06 13:34:41,929 ][DEBUG   ][Elasticsearch connected ]
[2020-06-06 13:34:41,929 ][INFO    ][Geting RM5 scores for 197 tweets and 10375 vclaims ]
[2020-06-06 13:36:23,052 ][DEBUG   ][Starting ElasticSearch client ]
[2020-06-06 13:36:23,057 ][DEBUG   ][Elasticsearch connected ]
[2020-06-06 13:36:23,057 ][INFO    ][Geting RM5 scores for 197 tweets and 10375 vclaims ]
[2020-06-06 13:38:47,776 ][DEBUG   ][Starting ElasticSearch client ]
[2020-06-06 13:38:47,781 ][DEBUG   ][Elasticsearch connected ]
[2020-06-06 13:38:47,781 ][INFO    ][Geting RM5 scores for 197 tweets and 10375 vclaims ]
[2020-06-06 13:40:09,449 ][DEBUG   ][Starting ElasticSearch client ]
[2020-06-06 13:40:09,454 ][DEBUG   ][Elasticsearch connected ]
[2020-06-06 13:40:09,454 ][INFO    ][Geting RM5 scores for 197 tweets and 10375 vclaims ]
[2020-06-06 13:52:59,363 ][DEBUG   ][Starting ElasticSearch client ]
[2020-06-06 13:52:59,368 ][DEBUG   ][Elasticsearch connected ]
[2020-06-06 13:52:59,368 ][INFO    ][Geting RM5 scores for 197 tweets and 10375 vclaims ]
[2020-06-06 13:58:47,839 ][DEBUG   ][Starting ElasticSearch client ]
[2020-06-06 13:58:47,845 ][DEBUG   ][Elasticsearch connected ]
[2020-06-06 13:58:48,272 ][INFO    ][Builing index of 10375 vclaims with fieldnames: ['vclaim', 'title'] ]
[2020-06-06 13:59:03,000 ][DEBUG   ][Starting ElasticSearch client ]
[2020-06-06 13:59:03,006 ][DEBUG   ][Elasticsearch connected ]
[2020-06-06 13:59:09,087 ][DEBUG   ][Starting ElasticSearch client ]
[2020-06-06 13:59:09,092 ][DEBUG   ][Elasticsearch connected ]
[2020-06-06 13:59:18,713 ][DEBUG   ][Starting ElasticSearch client ]
[2020-06-06 13:59:18,719 ][DEBUG   ][Elasticsearch connected ]
[2020-06-06 13:59:26,085 ][DEBUG   ][Starting ElasticSearch client ]
[2020-06-06 13:59:26,091 ][DEBUG   ][Elasticsearch connected ]
[2020-06-06 13:59:26,091 ][INFO    ][Geting RM5 scores for 197 tweets and 10375 vclaims ]
[2020-06-06 13:59:26,094 ][ERROR   ][No elasticsearch results for How are butterflies surviving the #AustralianFires? Julie Favell was putting out water for wildlife that survived the fires when she witnessed common brown butterflies (Heteronympha merope) fluttering in a moist wombat hole. Footage by Julie Favell pic.twitter.com/0eJtwJyS1J — Center for Bio Div (@CenterForBioDiv) January 14, 2020 ]
[2020-06-06 14:00:02,396 ][DEBUG   ][Starting ElasticSearch client ]
[2020-06-06 14:00:02,401 ][DEBUG   ][Elasticsearch connected ]
[2020-06-06 14:00:02,402 ][INFO    ][Builing index of 10375 vclaims with fieldnames: ['vclaim', 'title'] ]
[2020-06-06 14:24:33,097 ][DEBUG   ][Starting ElasticSearch client ]
[2020-06-06 14:24:33,101 ][DEBUG   ][Elasticsearch connected ]
[2020-06-06 14:24:33,102 ][INFO    ][Geting RM5 scores for 197 tweets and 10375 vclaims ]
[2020-06-06 14:31:33,340 ][DEBUG   ][Starting ElasticSearch client ]
[2020-06-06 14:31:33,344 ][DEBUG   ][Elasticsearch connected ]
[2020-06-06 14:31:33,344 ][INFO    ][Geting RM5 scores for 200 tweets and 10375 vclaims ]
[2020-06-06 19:37:31,064 ][DEBUG   ][Starting ElasticSearch client ]
[2020-06-06 19:37:31,067 ][DEBUG   ][Elasticsearch connected ]
[2020-06-06 19:37:31,067 ][INFO    ][Geting RM5 scores for 200 tweets and 10375 vclaims ]
[2020-06-06 19:38:48,121 ][DEBUG   ][Starting ElasticSearch client ]
[2020-06-06 19:38:48,266 ][DEBUG   ][Elasticsearch connected ]
[2020-06-06 19:38:48,266 ][INFO    ][Geting RM5 scores for 200 tweets and 10375 vclaims ]
[2020-06-06 19:38:48,424 ][ERROR   ][No elasticsearch results for Republicans in Illinois don't want the child of a single mother to get a birth certificate. Unbelievable.  — Paul Wilczynski (@PaulWilczynski) February 25, 2016 ]
[2020-06-06 19:39:47,139 ][DEBUG   ][Starting ElasticSearch client ]
[2020-06-06 19:39:47,143 ][DEBUG   ][Elasticsearch connected ]
[2020-06-06 19:39:47,143 ][INFO    ][Geting RM5 scores for 200 tweets and 10375 vclaims ]
[2020-06-06 19:41:44,690 ][DEBUG   ][Starting ElasticSearch client ]
[2020-06-06 19:41:45,578 ][DEBUG   ][Elasticsearch connected ]
[2020-06-06 19:41:45,579 ][INFO    ][Geting RM5 scores for 200 tweets and 10375 vclaims ]
[2020-06-07 00:27:41,983 ][INFO    ][Saved scores from the model in file: bert_submission_final.tsv ]
